# JRE version: OpenJDK Runtime Environment (11.0.15) (build 11.0.15+0-b2043.56-9505619)
# Java VM: OpenJDK 64-Bit Server VM (11.0.15+0-b2043.56-9505619, mixed mode, tiered, compressed oops, g1 gc, windows-amd64)
Heap:
 garbage-first heap   total 777216K, used 247485K [0x0000000080000000, 0x0000000100000000)
  region size 1024K, 3 young (3072K), 3 survivors (3072K)
 Metaspace       used 145184K, capacity 148938K, committed 149168K, reserved 1179648K
  class space    used 17825K, capacity 19178K, committed 19200K, reserved 1048576K
GC Heap History (20 events):
Event: 5580.260 GC heap after
{Heap after GC invocations=153 (full 0):
 garbage-first heap   total 407552K, used 202374K [0x0000000080000000, 0x0000000100000000)
  region size 1024K, 5 young (5120K), 5 survivors (5120K)
 Metaspace       used 138665K, capacity 142188K, committed 142512K, reserved 1173504K
  class space    used 17017K, capacity 18323K, committed 18432K, reserved 1048576K
}
Event: 5624.912 GC heap before
{Heap before GC invocations=154 (full 0):
 garbage-first heap   total 407552K, used 289414K [0x0000000080000000, 0x0000000100000000)
  region size 1024K, 90 young (92160K), 5 survivors (5120K)
 Metaspace       used 142042K, capacity 145796K, committed 145968K, reserved 1177600K
  class space    used 17370K, capacity 18725K, committed 18816K, reserved 1048576K
}
Event: 5628.388 GC heap after
{Heap after GC invocations=155 (full 0):
 garbage-first heap   total 407552K, used 208498K [0x0000000080000000, 0x0000000100000000)
  region size 1024K, 9 young (9216K), 9 survivors (9216K)
 Metaspace       used 142042K, capacity 145796K, committed 145968K, reserved 1177600K
  class space    used 17370K, capacity 18725K, committed 18816K, reserved 1048576K
}
Event: 5633.470 GC heap before
{Heap before GC invocations=156 (full 0):
 garbage-first heap   total 407552K, used 210546K [0x0000000080000000, 0x0000000100000000)
  region size 1024K, 10 young (10240K), 9 survivors (9216K)
 Metaspace       used 142061K, capacity 145796K, committed 145968K, reserved 1177600K
  class space    used 17374K, capacity 18725K, committed 18816K, reserved 1048576K
}
Event: 5634.881 GC heap after
{Heap after GC invocations=157 (full 0):
 garbage-first heap   total 407552K, used 208668K [0x0000000080000000, 0x0000000100000000)
  region size 1024K, 1 young (1024K), 1 survivors (1024K)
 Metaspace       used 142061K, capacity 145796K, committed 145968K, reserved 1177600K
  class space    used 17374K, capacity 18725K, committed 18816K, reserved 1048576K
}
Event: 5636.534 GC heap before
{Heap before GC invocations=158 (full 0):
 garbage-first heap   total 407552K, used 209692K [0x0000000080000000, 0x0000000100000000)
  region size 1024K, 2 young (2048K), 1 survivors (1024K)
 Metaspace       used 142061K, capacity 145796K, committed 145968K, reserved 1177600K
  class space    used 17374K, capacity 18725K, committed 18816K, reserved 1048576K
}
Event: 5636.539 GC heap after
{Heap after GC invocations=159 (full 0):
 garbage-first heap   total 407552K, used 209062K [0x0000000080000000, 0x0000000100000000)
  region size 1024K, 1 young (1024K), 1 survivors (1024K)
 Metaspace       used 142061K, capacity 145796K, committed 145968K, reserved 1177600K
  class space    used 17374K, capacity 18725K, committed 18816K, reserved 1048576K
}
Event: 5660.327 GC heap before
{Heap before GC invocations=160 (full 0):
 garbage-first heap   total 407552K, used 211110K [0x0000000080000000, 0x0000000100000000)
  region size 1024K, 4 young (4096K), 1 survivors (1024K)
 Metaspace       used 142061K, capacity 145796K, committed 145968K, reserved 1177600K
  class space    used 17374K, capacity 18725K, committed 18816K, reserved 1048576K
}
Event: 5660.407 GC heap after
{Heap after GC invocations=161 (full 0):
 garbage-first heap   total 407552K, used 211614K [0x0000000080000000, 0x0000000100000000)
  region size 1024K, 2 young (2048K), 2 survivors (2048K)
 Metaspace       used 142061K, capacity 145796K, committed 145968K, reserved 1177600K
  class space    used 17374K, capacity 18725K, committed 18816K, reserved 1048576K
}
Event: 5667.139 GC heap before
{Heap before GC invocations=162 (full 0):
 garbage-first heap   total 407552K, used 213662K [0x0000000080000000, 0x0000000100000000)
  region size 1024K, 3 young (3072K), 2 survivors (2048K)
 Metaspace       used 142061K, capacity 145796K, committed 145968K, reserved 1177600K
  class space    used 17374K, capacity 18725K, committed 18816K, reserved 1048576K
}
Event: 5667.185 GC heap after
{Heap after GC invocations=163 (full 0):
 garbage-first heap   total 407552K, used 214256K [0x0000000080000000, 0x0000000100000000)
  region size 1024K, 1 young (1024K), 1 survivors (1024K)
 Metaspace       used 142061K, capacity 145796K, committed 145968K, reserved 1177600K
  class space    used 17374K, capacity 18725K, committed 18816K, reserved 1048576K
}
Event: 5668.459 GC heap before
{Heap before GC invocations=164 (full 0):
 garbage-first heap   total 407552K, used 216304K [0x0000000080000000, 0x0000000100000000)
  region size 1024K, 2 young (2048K), 1 survivors (1024K)
 Metaspace       used 142061K, capacity 145796K, committed 145968K, reserved 1177600K
  class space    used 17374K, capacity 18725K, committed 18816K, reserved 1048576K
}
Event: 5668.472 GC heap after
{Heap after GC invocations=165 (full 0):
 garbage-first heap   total 407552K, used 216371K [0x0000000080000000, 0x0000000100000000)
  region size 1024K, 1 young (1024K), 1 survivors (1024K)
 Metaspace       used 142061K, capacity 145796K, committed 145968K, reserved 1177600K
  class space    used 17374K, capacity 18725K, committed 18816K, reserved 1048576K
}
Event: 5675.620 GC heap before
{Heap before GC invocations=166 (full 0):
 garbage-first heap   total 407552K, used 228659K [0x0000000080000000, 0x0000000100000000)
  region size 1024K, 12 young (12288K), 1 survivors (1024K)
 Metaspace       used 144581K, capacity 148305K, committed 148528K, reserved 1179648K
  class space    used 17728K, capacity 19072K, committed 19072K, reserved 1048576K
}
Event: 5676.381 GC heap after
{Heap after GC invocations=167 (full 0):
 garbage-first heap   total 407552K, used 220894K [0x0000000080000000, 0x0000000100000000)
  region size 1024K, 2 young (2048K), 2 survivors (2048K)
 Metaspace       used 144581K, capacity 148305K, committed 148528K, reserved 1179648K
  class space    used 17728K, capacity 19072K, committed 19072K, reserved 1048576K
}
Event: 5685.401 GC heap before
{Heap before GC invocations=168 (full 0):
 garbage-first heap   total 407552K, used 243422K [0x0000000080000000, 0x0000000100000000)
  region size 1024K, 12 young (12288K), 2 survivors (2048K)
 Metaspace       used 144911K, capacity 148642K, committed 148912K, reserved 1179648K
  class space    used 17782K, capacity 19144K, committed 19200K, reserved 1048576K
}
Event: 5685.629 GC heap after
{Heap after GC invocations=169 (full 0):
 garbage-first heap   total 407552K, used 230032K [0x0000000080000000, 0x0000000100000000)
  region size 1024K, 3 young (3072K), 3 survivors (3072K)
 Metaspace       used 144911K, capacity 148642K, committed 148912K, reserved 1179648K
  class space    used 17782K, capacity 19144K, committed 19200K, reserved 1048576K
}
Event: 5689.873 GC heap before
{Heap before GC invocations=170 (full 0):
 garbage-first heap   total 407552K, used 259728K [0x0000000080000000, 0x0000000100000000)
  region size 1024K, 19 young (19456K), 3 survivors (3072K)
 Metaspace       used 145183K, capacity 148938K, committed 149168K, reserved 1179648K
  class space    used 17825K, capacity 19178K, committed 19200K, reserved 1048576K
}
Event: 5690.284 GC heap after
{Heap after GC invocations=171 (full 0):
 garbage-first heap   total 407552K, used 241465K [0x0000000080000000, 0x0000000100000000)
  region size 1024K, 3 young (3072K), 3 survivors (3072K)
 Metaspace       used 145183K, capacity 148938K, committed 149168K, reserved 1179648K
  class space    used 17825K, capacity 19178K, committed 19200K, reserved 1048576K
}
Event: 5690.815 GC heap before
{Heap before GC invocations=171 (full 0):
 garbage-first heap   total 407552K, used 256825K [0x0000000080000000, 0x0000000100000000)
  region size 1024K, 19 young (19456K), 3 survivors (3072K)
 Metaspace       used 145184K, capacity 148938K, committed 149168K, reserved 1179648K
  class space    used 17825K, capacity 19178K, committed 19200K, reserved 1048576K
}

